<?xml version="1.0" encoding="UTF-8"?>
<!-- Generated by org.testng.reporters.JUnitReportReporter -->
<testsuite hostname="WINDOWS-JO6TQD2" failures="0" tests="1" name="TestCalculate" time="0.007" errors="0" timestamp="2021-08-17T23:41:07 IST" skipped="0">
  <testcase classname="TestCalculate" name="emptyStringReturnsZero" time="0.007"/>
  <system-out/>
</testsuite> <!-- TestCalculate -->
