<?xml version="1.0" encoding="UTF-8"?>
<!-- Generated by org.testng.reporters.JUnitReportReporter -->
<testsuite hostname="WINDOWS-JO6TQD2" failures="0" tests="5" name="TestCalculate" time="0.009" errors="0" timestamp="2021-08-18T00:48:23 IST" skipped="0">
  <testcase classname="TestCalculate" name="emptyStringReturnsZero" time="0.000"/>
  <system-out/>
  <testcase classname="TestCalculate" name="NumbersCommaDelimitedReturnSum" time="0.005"/>
  <system-out/>
  <testcase classname="TestCalculate" name="NumbersNewLineDelimitedReturnSum" time="0.002"/>
  <system-out/>
  <testcase classname="TestCalculate" name="twoNumbersCommaDelimitedReturnSum" time="0.001"/>
  <system-out/>
  <testcase classname="TestCalculate" name="singleNumberReturnsValue" time="0.001"/>
  <system-out/>
</testsuite> <!-- TestCalculate -->
