<?xml version="1.0" encoding="UTF-8"?>
<!-- Generated by org.testng.reporters.JUnitReportReporter -->
<testsuite hostname="WINDOWS-JO6TQD2" failures="0" tests="2" name="TestCalculate" time="0.006" errors="0" timestamp="2021-08-17T23:55:49 IST" skipped="0">
  <testcase classname="TestCalculate" name="singleNumberReturnsValue" time="0.001"/>
  <system-out/>
  <testcase classname="TestCalculate" name="emptyStringReturnsZero" time="0.005"/>
  <system-out/>
</testsuite> <!-- TestCalculate -->
