<?xml version="1.0" encoding="UTF-8"?>
<!-- Generated by org.testng.reporters.JUnitReportReporter -->
<testsuite hostname="WINDOWS-JO6TQD2" failures="0" tests="3" name="TestCalculate" time="0.008" errors="0" timestamp="2021-08-18T00:22:22 IST" skipped="0">
  <testcase classname="TestCalculate" name="singleNumberReturnsValue" time="0.001"/>
  <system-out/>
  <testcase classname="TestCalculate" name="emptyStringReturnsZero" time="0.006"/>
  <system-out/>
  <testcase classname="TestCalculate" name="twoNumbersCommaDelimitedReturnSum" time="0.001"/>
  <system-out/>
</testsuite> <!-- TestCalculate -->
